Log file open, 07/04/20 18:16:45
LogWindows: Failed to load 'aqProf.dll' (GetLastError=126)
LogWindows: File 'aqProf.dll' does not exist
LogWindows: Failed to load 'VtuneApi.dll' (GetLastError=126)
LogWindows: File 'VtuneApi.dll' does not exist
LogWindows: Failed to load 'VtuneApi32e.dll' (GetLastError=126)
LogWindows: File 'VtuneApi32e.dll' does not exist
LogConsoleResponse: Display: Failed to find resolution value strings in scalability ini. Falling back to default.
LogInit: Display: Running engine for game: CoverSpotGenerator
LogPakFile: Registered encryption key '00000000000000000000000000000000': 0 pak files mounted, 0 remain pending
LogPlatformFile: Not using cached read wrapper
LogTaskGraph: Started task graph with 5 named threads and 35 total threads with 3 sets of task threads.
LogStats: Stats thread started at 0.402024
LogD3D11RHI: Loaded GFSDK_Aftermath_Lib.x64.dll
LogICUInternationalization: ICU TimeZone Detection - Raw Offset: +1:00, Platform Override: ''
LogPluginManager: Mounting plugin Paper2D
LogPluginManager: Mounting plugin AISupport
LogPluginManager: Mounting plugin LightPropagationVolume
LogPluginManager: Mounting plugin ActorLayerUtilities
LogPluginManager: Mounting plugin AnimationSharing
LogPluginManager: Mounting plugin CLionSourceCodeAccess
LogPluginManager: Mounting plugin CodeLiteSourceCodeAccess
LogPluginManager: Mounting plugin GitSourceControl
LogPluginManager: Mounting plugin KDevelopSourceCodeAccess
LogPluginManager: Mounting plugin NullSourceCodeAccess
LogPluginManager: Mounting plugin PerforceSourceControl
LogPluginManager: Mounting plugin SubversionSourceControl
LogPluginManager: Mounting plugin UObjectPlugin
LogPluginManager: Mounting plugin VisualStudioCodeSourceCodeAccess
LogPluginManager: Mounting plugin VisualStudioSourceCodeAccess
LogPluginManager: Mounting plugin XCodeSourceCodeAccess
LogPluginManager: Mounting plugin AssetManagerEditor
LogPluginManager: Mounting plugin CryptoKeys
LogPluginManager: Mounting plugin DataValidation
LogPluginManager: Mounting plugin FacialAnimation
LogPluginManager: Mounting plugin GameplayTagsEditor
LogPluginManager: Mounting plugin MacGraphicsSwitching
LogPluginManager: Mounting plugin MaterialAnalyzer
LogPluginManager: Mounting plugin MobileLauncherProfileWizard
LogPluginManager: Mounting plugin PluginBrowser
LogPluginManager: Mounting plugin SpeedTreeImporter
LogPluginManager: Mounting plugin DatasmithContent
LogPluginManager: Mounting plugin VariantManagerContent
LogPluginManager: Mounting plugin AlembicImporter
LogPluginManager: Mounting plugin AppleImageUtils
LogPluginManager: Mounting plugin AppleVision
LogPluginManager: Mounting plugin BackChannel
LogPluginManager: Mounting plugin CharacterAI
LogPluginManager: Mounting plugin GeometryCache
LogPluginManager: Mounting plugin HTML5Networking
LogPluginManager: Mounting plugin ProxyLODPlugin
LogPluginManager: Mounting plugin SkeletalReduction
LogPluginManager: Mounting plugin MagicLeap
LogPluginManager: Mounting plugin MagicLeapMedia
LogPluginManager: Mounting plugin AndroidMedia
LogPluginManager: Mounting plugin AvfMedia
LogPluginManager: Mounting plugin ImgMedia
LogPluginManager: Mounting plugin LinearTimecode
LogPluginManager: Mounting plugin MediaCompositing
LogPluginManager: Mounting plugin MediaPlayerEditor
LogPluginManager: Mounting plugin WebMMedia
LogPluginManager: Mounting plugin WmfMedia
LogPluginManager: Mounting plugin TcpMessaging
LogPluginManager: Mounting plugin UdpMessaging
LogPluginManager: Mounting plugin ActorSequence
LogPluginManager: Mounting plugin LevelSequenceEditor
LogPluginManager: Mounting plugin MatineeToLevelSequence
LogPluginManager: Mounting plugin NetcodeUnitTest
LogPluginManager: Mounting plugin NUTUnrealEngine4
LogPluginManager: Mounting plugin OnlineSubsystemGooglePlay
LogPluginManager: Mounting plugin OnlineSubsystemIOS
LogPluginManager: Mounting plugin OnlineSubsystem
LogPluginManager: Mounting plugin OnlineSubsystemNull
LogPluginManager: Mounting plugin OnlineSubsystemUtils
LogPluginManager: Mounting plugin LauncherChunkInstaller
LogPluginManager: Mounting plugin AndroidDeviceProfileSelector
LogPluginManager: Mounting plugin AndroidMoviePlayer
LogPluginManager: Mounting plugin AndroidPermission
LogPluginManager: Mounting plugin AppleMoviePlayer
LogPluginManager: Mounting plugin ArchVisCharacter
LogPluginManager: Mounting plugin AudioCapture
LogPluginManager: Mounting plugin CableComponent
LogPluginManager: Mounting plugin CustomMeshComponent
LogPluginManager: Mounting plugin EditableMesh
LogPluginManager: Mounting plugin ExampleDeviceProfileSelector
LogPluginManager: Mounting plugin Firebase
LogPluginManager: Mounting plugin GoogleCloudMessaging
LogPluginManager: Mounting plugin IOSDeviceProfileSelector
LogPluginManager: Mounting plugin LinuxDeviceProfileSelector
LogPluginManager: Mounting plugin LocationServicesBPLibrary
LogPluginManager: Mounting plugin MobilePatchingUtils
LogPluginManager: Mounting plugin OculusVR
LogPluginManager: Mounting plugin PhysXVehicles
LogPluginManager: Mounting plugin ProceduralMeshComponent
LogPluginManager: Mounting plugin RuntimePhysXCooking
LogPluginManager: Mounting plugin SignificanceManager
LogPluginManager: Mounting plugin SteamVR
LogPluginManager: Mounting plugin WebMMoviePlayer
LogPluginManager: Mounting plugin WindowsMoviePlayer
LogInit: Using libcurl 7.55.1-DEV
LogInit:  - built for x86_64-pc-win32
LogInit:  - supports SSL with OpenSSL/1.1.1
LogInit:  - supports HTTP deflate (compression) using libz 1.2.8
LogInit:  - other features:
LogInit:      CURL_VERSION_SSL
LogInit:      CURL_VERSION_LIBZ
LogInit:      CURL_VERSION_IPV6
LogInit:      CURL_VERSION_ASYNCHDNS
LogInit:      CURL_VERSION_LARGEFILE
LogInit:      CURL_VERSION_IDN
LogInit:  CurlRequestOptions (configurable via config and command line):
LogInit:  - bVerifyPeer = true  - Libcurl will verify peer certificate
LogInit:  - bUseHttpProxy = false  - Libcurl will NOT use HTTP proxy
LogInit:  - bDontReuseConnections = false  - Libcurl will reuse connections
LogInit:  - MaxHostConnections = 16  - Libcurl will limit the number of connections to a host
LogInit:  - LocalHostAddr = Default
LogInit:  - BufferSize = 65536
LogInit: WinSock: version 1.1 (2.2), MaxSocks=32767, MaxUdp=65467
LogInit: Build: ++UE4+Release-4.22-CL-6063286
LogInit: Engine Version: 4.22.1-6063286+++UE4+Release-4.22
LogInit: Compatible Engine Version: 4.22.0-5660361+++UE4+Release-4.22
LogInit: Net CL: 5660361
LogInit: OS: Windows 10 (Release 1903) (), CPU: Intel(R) Core(TM) i7-8750H CPU @ 2.20GHz, GPU: Intel(R) UHD Graphics 630
LogInit: Compiled (64-bit): Apr 24 2019 04:36:48
LogInit: Compiled with Visual C++: 19.16.27025.01
LogInit: Build Configuration: Development
LogInit: Branch Name: ++UE4+Release-4.22
LogInit: Command Line:  -EpicPortal -epicusername=FaleFelix -epicuserid=338fdce905d2400681be8a8f634b4335 -epiclocale=en
LogInit: Base Directory: C:/Program Files/Epic Games/UE_4.22/Engine/Binaries/Win64/
LogInit: Installed Engine Build: 1
LogDevObjectVersion: Number of dev versions registered: 23
LogDevObjectVersion:   Dev-Blueprints (B0D832E4-1F89-4F0D-ACCF-7EB736FD4AA2): 10
LogDevObjectVersion:   Dev-Build (E1C64328-A22C-4D53-A36C-8E866417BD8C): 0
LogDevObjectVersion:   Dev-Core (375EC13C-06E4-48FB-B500-84F0262A717E): 3
LogDevObjectVersion:   Dev-Editor (E4B068ED-F494-42E9-A231-DA0B2E46BB41): 30
LogDevObjectVersion:   Dev-Framework (CFFC743F-43B0-4480-9391-14DF171D2073): 35
LogDevObjectVersion:   Dev-Mobile (B02B49B5-BB20-44E9-A304-32B752E40360): 2
LogDevObjectVersion:   Dev-Networking (A4E4105C-59A1-49B5-A7C5-40C4547EDFEE): 0
LogDevObjectVersion:   Dev-Online (39C831C9-5AE6-47DC-9A44-9C173E1C8E7C): 0
LogDevObjectVersion:   Dev-Physics (78F01B33-EBEA-4F98-B9B4-84EACCB95AA2): 0
LogDevObjectVersion:   Dev-Platform (6631380F-2D4D-43E0-8009-CF276956A95A): 0
LogDevObjectVersion:   Dev-Rendering (12F88B9F-8875-4AFC-A67C-D90C383ABD29): 28
LogDevObjectVersion:   Dev-Sequencer (7B5AE74C-D270-4C10-A958-57980B212A5A): 11
LogDevObjectVersion:   Dev-VR (D7296918-1DD6-4BDD-9DE2-64A83CC13884): 2
LogDevObjectVersion:   Dev-LoadTimes (C2A15278-BFE7-4AFE-6C17-90FF531DF755): 1
LogDevObjectVersion:   Private-Geometry (6EACA3D4-40EC-4CC1-B786-8BED09428FC5): 3
LogDevObjectVersion:   Dev-AnimPhys (29E575DD-E0A3-4627-9D10-D276232CDCEA): 17
LogDevObjectVersion:   Dev-Anim (AF43A65D-7FD3-4947-9873-3E8ED9C1BB05): 2
LogDevObjectVersion:   Dev-ReflectionCapture (6B266CEC-1EC7-4B8F-A30B-E4D90942FC07): 1
LogDevObjectVersion:   Dev-Automation (0DF73D61-A23F-47EA-B727-89E90C41499A): 1
LogDevObjectVersion:   FortniteMain (601D1886-AC64-4F84-AA16-D3DE0DEAC7D6): 25
LogDevObjectVersion:   Dev-Enterprise (9DFFBCD6-494F-0158-E221-12823C92A888): 6
LogDevObjectVersion:   Dev-Niagara (F2AED0AC-9AFE-416F-8664-AA7FFA26D6FC): 1
LogDevObjectVersion:   Dev-Destruction (174F1F0B-B4C6-45A5-B13F-2EE8D0FB917D): 2
LogInit: Presizing for max 16777216 objects, including 0 objects not considered by GC, pre-allocating 0 bytes for permanent pool.
LogInit: Object subsystem initialized
LogConfig: Setting CVar [[con.DebugEarlyDefault:1]]
LogConfig: Setting CVar [[r.setres:1280x720]]
[2020.07.04-16.16.45:548][  0]LogConfig: Setting CVar [[r.VSync:0]]
[2020.07.04-16.16.45:548][  0]LogConfig: Setting CVar [[r.RHICmdBypass:0]]
[2020.07.04-16.16.45:548][  0]LogConfig: Applying CVar settings from Section [/Script/Engine.RendererSettings] File [C:/Users/felix/OneDrive/Documenten/Unreal Projects/cover-spot-generator/CoverSpotGenerator/Saved/Config/Windows/Engine.ini]
[2020.07.04-16.16.45:548][  0]LogConfig: Setting CVar [[r.GPUCrashDebugging:0]]
[2020.07.04-16.16.45:548][  0]LogConfig: Applying CVar settings from Section [/Script/Engine.RendererOverrideSettings] File [C:/Users/felix/OneDrive/Documenten/Unreal Projects/cover-spot-generator/CoverSpotGenerator/Saved/Config/Windows/Engine.ini]
[2020.07.04-16.16.45:548][  0]LogConfig: Applying CVar settings from Section [/Script/Engine.StreamingSettings] File [C:/Users/felix/OneDrive/Documenten/Unreal Projects/cover-spot-generator/CoverSpotGenerator/Saved/Config/Windows/Engine.ini]
[2020.07.04-16.16.45:548][  0]LogConfig: Setting CVar [[s.MinBulkDataSizeForAsyncLoading:131072]]
[2020.07.04-16.16.45:548][  0]LogConfig: Setting CVar [[s.AsyncLoadingThreadEnabled:0]]
[2020.07.04-16.16.45:548][  0]LogConfig: Setting CVar [[s.EventDrivenLoaderEnabled:1]]
[2020.07.04-16.16.45:548][  0]LogConfig: Setting CVar [[s.WarnIfTimeLimitExceeded:0]]
[2020.07.04-16.16.45:548][  0]LogConfig: Setting CVar [[s.TimeLimitExceededMultiplier:1.5]]
[2020.07.04-16.16.45:548][  0]LogConfig: Setting CVar [[s.TimeLimitExceededMinTime:0.005]]
[2020.07.04-16.16.45:548][  0]LogConfig: Setting CVar [[s.UseBackgroundLevelStreaming:1]]
[2020.07.04-16.16.45:548][  0]LogConfig: Setting CVar [[s.PriorityAsyncLoadingExtraTime:15.0]]
[2020.07.04-16.16.45:549][  0]LogConfig: Setting CVar [[s.LevelStreamingActorsUpdateTimeLimit:5.0]]
[2020.07.04-16.16.45:549][  0]LogConfig: Setting CVar [[s.PriorityLevelStreamingActorsUpdateExtraTime:5.0]]
[2020.07.04-16.16.45:549][  0]LogConfig: Setting CVar [[s.LevelStreamingComponentsRegistrationGranularity:10]]
[2020.07.04-16.16.45:549][  0]LogConfig: Setting CVar [[s.UnregisterComponentsTimeLimit:1.0]]
[2020.07.04-16.16.45:549][  0]LogConfig: Setting CVar [[s.LevelStreamingComponentsUnregistrationGranularity:5]]
[2020.07.04-16.16.45:549][  0]LogConfig: Applying CVar settings from Section [/Script/Engine.GarbageCollectionSettings] File [C:/Users/felix/OneDrive/Documenten/Unreal Projects/cover-spot-generator/CoverSpotGenerator/Saved/Config/Windows/Engine.ini]
[2020.07.04-16.16.45:549][  0]LogConfig: Setting CVar [[gc.MaxObjectsNotConsideredByGC:1]]
[2020.07.04-16.16.45:549][  0]LogConfig: Setting CVar [[gc.SizeOfPermanentObjectPool:0]]
[2020.07.04-16.16.45:549][  0]LogConfig: Setting CVar [[gc.FlushStreamingOnGC:0]]
[2020.07.04-16.16.45:549][  0]LogConfig: Setting CVar [[gc.NumRetriesBeforeForcingGC:10]]
[2020.07.04-16.16.45:549][  0]LogConfig: Setting CVar [[gc.AllowParallelGC:1]]
[2020.07.04-16.16.45:549][  0]LogConfig: Setting CVar [[gc.TimeBetweenPurgingPendingKillObjects:61.1]]
[2020.07.04-16.16.45:549][  0]LogConfig: Setting CVar [[gc.MaxObjectsInEditor:16777216]]
[2020.07.04-16.16.45:549][  0]LogConfig: Setting CVar [[gc.IncrementalBeginDestroyEnabled:1]]
[2020.07.04-16.16.45:549][  0]LogConfig: Setting CVar [[gc.CreateGCClusters:1]]
[2020.07.04-16.16.45:549][  0]LogConfig: Setting CVar [[gc.MinGCClusterSize:5]]
[2020.07.04-16.16.45:549][  0]LogConfig: Setting CVar [[gc.ActorClusteringEnabled:0]]
[2020.07.04-16.16.45:549][  0]LogConfig: Setting CVar [[gc.BlueprintClusteringEnabled:0]]
[2020.07.04-16.16.45:549][  0]LogConfig: Setting CVar [[gc.UseDisregardForGCOnDedicatedServers:0]]
[2020.07.04-16.16.45:549][  0]LogConfig: Applying CVar settings from Section [/Script/Engine.NetworkSettings] File [C:/Users/felix/OneDrive/Documenten/Unreal Projects/cover-spot-generator/CoverSpotGenerator/Saved/Config/Windows/Engine.ini]
[2020.07.04-16.16.45:549][  0]LogConfig: Applying CVar settings from Section [/Script/UnrealEd.CookerSettings] File [C:/Users/felix/OneDrive/Documenten/Unreal Projects/cover-spot-generator/CoverSpotGenerator/Saved/Config/Windows/Engine.ini]
[2020.07.04-16.16.45:551][  0]LogConfig: Applying CVar settings from Section [ViewDistanceQuality@3] File [C:/Users/felix/OneDrive/Documenten/Unreal Projects/cover-spot-generator/CoverSpotGenerator/Saved/Config/Windows/Scalability.ini]
[2020.07.04-16.16.45:551][  0]LogConfig: Setting CVar [[r.SkeletalMeshLODBias:0]]
[2020.07.04-16.16.45:551][  0]LogConfig: Setting CVar [[r.ViewDistanceScale:1.0]]
[2020.07.04-16.16.45:551][  0]LogConfig: Applying CVar settings from Section [AntiAliasingQuality@3] File [C:/Users/felix/OneDrive/Documenten/Unreal Projects/cover-spot-generator/CoverSpotGenerator/Saved/Config/Windows/Scalability.ini]
[2020.07.04-16.16.45:551][  0]LogConfig: Setting CVar [[r.PostProcessAAQuality:4]]
[2020.07.04-16.16.45:551][  0]LogConfig: Applying CVar settings from Section [ShadowQuality@3] File [C:/Users/felix/OneDrive/Documenten/Unreal Projects/cover-spot-generator/CoverSpotGenerator/Saved/Config/Windows/Scalability.ini]
[2020.07.04-16.16.45:552][  0]LogConfig: Setting CVar [[r.LightFunctionQuality:1]]
[2020.07.04-16.16.45:552][  0]LogConfig: Setting CVar [[r.ShadowQuality:5]]
[2020.07.04-16.16.45:552][  0]LogConfig: Setting CVar [[r.Shadow.CSM.MaxCascades:10]]
[2020.07.04-16.16.45:552][  0]LogConfig: Setting CVar [[r.Shadow.MaxResolution:2048]]
[2020.07.04-16.16.45:552][  0]LogConfig: Setting CVar [[r.Shadow.MaxCSMResolution:2048]]
[2020.07.04-16.16.45:552][  0]LogConfig: Setting CVar [[r.Shadow.RadiusThreshold:0.01]]
[2020.07.04-16.16.45:552][  0]LogConfig: Setting CVar [[r.Shadow.DistanceScale:1.0]]
[2020.07.04-16.16.45:552][  0]LogConfig: Setting CVar [[r.Shadow.CSM.TransitionScale:1.0]]
[2020.07.04-16.16.45:552][  0]LogConfig: Setting CVar [[r.Shadow.PreShadowResolutionFactor:1.0]]
[2020.07.04-16.16.45:552][  0]LogConfig: Setting CVar [[r.DistanceFieldShadowing:1]]
[2020.07.04-16.16.45:552][  0]LogConfig: Setting CVar [[r.DistanceFieldAO:1]]
[2020.07.04-16.16.45:552][  0]LogConfig: Setting CVar [[r.AOQuality:2]]
[2020.07.04-16.16.45:552][  0]LogConfig: Setting CVar [[r.VolumetricFog:1]]
[2020.07.04-16.16.45:552][  0]LogConfig: Setting CVar [[r.VolumetricFog.GridPixelSize:8]]
[2020.07.04-16.16.45:552][  0]LogConfig: Setting CVar [[r.VolumetricFog.GridSizeZ:128]]
[2020.07.04-16.16.45:552][  0]LogConfig: Setting CVar [[r.VolumetricFog.HistoryMissSupersampleCount:4]]
[2020.07.04-16.16.45:552][  0]LogConfig: Setting CVar [[r.LightMaxDrawDistanceScale:1]]
[2020.07.04-16.16.45:552][  0]LogConfig: Setting CVar [[r.CapsuleShadows:1]]
[2020.07.04-16.16.45:552][  0]LogConfig: Applying CVar settings from Section [PostProcessQuality@3] File [C:/Users/felix/OneDrive/Documenten/Unreal Projects/cover-spot-generator/CoverSpotGenerator/Saved/Config/Windows/Scalability.ini]
[2020.07.04-16.16.45:552][  0]LogConfig: Setting CVar [[r.MotionBlurQuality:4]]
[2020.07.04-16.16.45:552][  0]LogConfig: Setting CVar [[r.AmbientOcclusionMipLevelFactor:0.4]]
[2020.07.04-16.16.45:552][  0]LogConfig: Setting CVar [[r.AmbientOcclusionMaxQuality:100]]
[2020.07.04-16.16.45:552][  0]LogConfig: Setting CVar [[r.AmbientOcclusionLevels:-1]]
[2020.07.04-16.16.45:552][  0]LogConfig: Setting CVar [[r.AmbientOcclusionRadiusScale:1.0]]
[2020.07.04-16.16.45:552][  0]LogConfig: Setting CVar [[r.DepthOfFieldQuality:2]]
[2020.07.04-16.16.45:552][  0]LogConfig: Setting CVar [[r.RenderTargetPoolMin:400]]
[2020.07.04-16.16.45:552][  0]LogConfig: Setting CVar [[r.LensFlareQuality:2]]
[2020.07.04-16.16.45:552][  0]LogConfig: Setting CVar [[r.SceneColorFringeQuality:1]]
[2020.07.04-16.16.45:552][  0]LogConfig: Setting CVar [[r.EyeAdaptationQuality:2]]
[2020.07.04-16.16.45:552][  0]LogConfig: Setting CVar [[r.BloomQuality:5]]
[2020.07.04-16.16.45:552][  0]LogConfig: Setting CVar [[r.FastBlurThreshold:100]]
[2020.07.04-16.16.45:552][  0]LogConfig: Setting CVar [[r.Upscale.Quality:3]]
[2020.07.04-16.16.45:552][  0]LogConfig: Setting CVar [[r.Tonemapper.GrainQuantization:1]]
[2020.07.04-16.16.45:552][  0]LogConfig: Setting CVar [[r.LightShaftQuality:1]]
[2020.07.04-16.16.45:552][  0]LogConfig: Setting CVar [[r.Filter.SizeScale:1]]
[2020.07.04-16.16.45:552][  0]LogConfig: Setting CVar [[r.Tonemapper.Quality:5]]
[2020.07.04-16.16.45:552][  0]LogConfig: Setting CVar [[r.DOF.Gather.AccumulatorQuality:1        ; higher gathering accumulator quality]]
[2020.07.04-16.16.45:552][  0]LogConfig: Setting CVar [[r.DOF.Gather.PostfilterMethod:1          ; Median3x3 postfilering method]]
[2020.07.04-16.16.45:552][  0]LogConfig: Setting CVar [[r.DOF.Gather.EnableBokehSettings:0       ; no bokeh simulation when gathering]]
[2020.07.04-16.16.45:552][  0]LogConfig: Setting CVar [[r.DOF.Gather.RingCount:4                 ; medium number of samples when gathering]]
[2020.07.04-16.16.45:552][  0]LogConfig: Setting CVar [[r.DOF.Scatter.ForegroundCompositing:1    ; additive foreground scattering]]
[2020.07.04-16.16.45:552][  0]LogConfig: Setting CVar [[r.DOF.Scatter.BackgroundCompositing:2    ; additive background scattering]]
[2020.07.04-16.16.45:552][  0]LogConfig: Setting CVar [[r.DOF.Scatter.EnableBokehSettings:1      ; bokeh simulation when scattering]]
[2020.07.04-16.16.45:552][  0]LogConfig: Setting CVar [[r.DOF.Scatter.MaxSpriteRatio:0.1         ; only a maximum of 10% of scattered bokeh]]
[2020.07.04-16.16.45:552][  0]LogConfig: Setting CVar [[r.DOF.Recombine.Quality:1                ; cheap slight out of focus]]
[2020.07.04-16.16.45:552][  0]LogConfig: Setting CVar [[r.DOF.Recombine.EnableBokehSettings:0    ; no bokeh simulation on slight out of focus]]
[2020.07.04-16.16.45:552][  0]LogConfig: Setting CVar [[r.DOF.TemporalAAQuality:1                ; more stable temporal accumulation]]
[2020.07.04-16.16.45:552][  0]LogConfig: Setting CVar [[r.DOF.Kernel.MaxForegroundRadius:0.025]]
[2020.07.04-16.16.45:552][  0]LogConfig: Setting CVar [[r.DOF.Kernel.MaxBackgroundRadius:0.025]]
[2020.07.04-16.16.45:552][  0]LogConfig: Applying CVar settings from Section [TextureQuality@3] File [C:/Users/felix/OneDrive/Documenten/Unreal Projects/cover-spot-generator/CoverSpotGenerator/Saved/Config/Windows/Scalability.ini]
[2020.07.04-16.16.45:552][  0]LogConfig: Setting CVar [[r.Streaming.MipBias:0]]
[2020.07.04-16.16.45:552][  0]LogConfig: Setting CVar [[r.Streaming.AmortizeCPUToGPUCopy:0]]
[2020.07.04-16.16.45:552][  0]LogConfig: Setting CVar [[r.Streaming.MaxNumTexturesToStreamPerFrame:0]]
[2020.07.04-16.16.45:552][  0]LogConfig: Setting CVar [[r.Streaming.Boost:1]]
[2020.07.04-16.16.45:552][  0]LogConfig: Setting CVar [[r.MaxAnisotropy:8]]
[2020.07.04-16.16.45:552][  0]LogConfig: Setting CVar [[r.Streaming.LimitPoolSizeToVRAM:0]]
[2020.07.04-16.16.45:552][  0]LogConfig: Setting CVar [[r.Streaming.PoolSize:1000]]
[2020.07.04-16.16.45:552][  0]LogConfig: Setting CVar [[r.Streaming.MaxEffectiveScreenSize:0]]
[2020.07.04-16.16.45:552][  0]LogConfig: Applying CVar settings from Section [EffectsQuality@3] File [C:/Users/felix/OneDrive/Documenten/Unreal Projects/cover-spot-generator/CoverSpotGenerator/Saved/Config/Windows/Scalability.ini]
[2020.07.04-16.16.45:552][  0]LogConfig: Setting CVar [[r.TranslucencyLightingVolumeDim:64]]
[2020.07.04-16.16.45:552][  0]LogConfig: Setting CVar [[r.RefractionQuality:2]]
[2020.07.04-16.16.45:552][  0]LogConfig: Setting CVar [[r.SSR.Quality:3]]
[2020.07.04-16.16.45:552][  0]LogConfig: Setting CVar [[r.SceneColorFormat:4]]
[2020.07.04-16.16.45:552][  0]LogConfig: Setting CVar [[r.DetailMode:2]]
[2020.07.04-16.16.45:552][  0]LogConfig: Setting CVar [[r.TranslucencyVolumeBlur:1]]
[2020.07.04-16.16.45:552][  0]LogConfig: Setting CVar [[r.MaterialQualityLevel:1 ; High quality]]
[2020.07.04-16.16.45:552][  0]LogConfig: Setting CVar [[r.SSS.Scale:1]]
[2020.07.04-16.16.45:552][  0]LogConfig: Setting CVar [[r.SSS.SampleSet:2]]
[2020.07.04-16.16.45:552][  0]LogConfig: Setting CVar [[r.SSS.Quality:1]]
[2020.07.04-16.16.45:552][  0]LogConfig: Setting CVar [[r.SSS.HalfRes:1]]
[2020.07.04-16.16.45:552][  0]LogConfig: Setting CVar [[r.EmitterSpawnRateScale:1.0]]
[2020.07.04-16.16.45:552][  0]LogConfig: Setting CVar [[r.ParticleLightQuality:2]]
[2020.07.04-16.16.45:552][  0]LogConfig: Applying CVar settings from Section [FoliageQuality@3] File [C:/Users/felix/OneDrive/Documenten/Unreal Projects/cover-spot-generator/CoverSpotGenerator/Saved/Config/Windows/Scalability.ini]
[2020.07.04-16.16.45:552][  0]LogConfig: Setting CVar [[foliage.DensityScale:1.0]]
[2020.07.04-16.16.45:552][  0]LogConfig: Setting CVar [[grass.DensityScale:1.0]]
[2020.07.04-16.16.45:552][  0]LogInit: Selected Device Profile: [Windows]
[2020.07.04-16.16.45:552][  0]LogInit: Applying CVar settings loaded from the selected device profile: [Windows]
[2020.07.04-16.16.45:565][  0]LogHAL: Display: Platform has ~ 16 GB [17014509568 / 17179869184 / 16], which maps to Larger [LargestMinGB=32, LargerMinGB=12, DefaultMinGB=8, SmallerMinGB=6, SmallestMinGB=0)
[2020.07.04-16.16.45:565][  0]LogConfig: Setting CVar [[r.Vulkan.UseRealUBs:0		; Required until we fix HLR fall-out]]
[2020.07.04-16.16.45:565][  0]LogInit: Going up to parent DeviceProfile []
[2020.07.04-16.16.45:565][  0]LogConfig: Applying CVar settings from Section [ViewDistanceQuality@2] File [C:/Users/felix/OneDrive/Documenten/Unreal Projects/cover-spot-generator/CoverSpotGenerator/Saved/Config/Windows/Scalability.ini]
[2020.07.04-16.16.45:565][  0]LogConfig: Setting CVar [[r.SkeletalMeshLODBias:0]]
[2020.07.04-16.16.45:565][  0]LogConfig: Setting CVar [[r.ViewDistanceScale:0.8]]
[2020.07.04-16.16.45:565][  0]LogConfig: Applying CVar settings from Section [AntiAliasingQuality@2] File [C:/Users/felix/OneDrive/Documenten/Unreal Projects/cover-spot-generator/CoverSpotGenerator/Saved/Config/Windows/Scalability.ini]
[2020.07.04-16.16.45:565][  0]LogConfig: Setting CVar [[r.PostProcessAAQuality:3]]
[2020.07.04-16.16.45:565][  0]LogConfig: Applying CVar settings from Section [ShadowQuality@2] File [C:/Users/felix/OneDrive/Documenten/Unreal Projects/cover-spot-generator/CoverSpotGenerator/Saved/Config/Windows/Scalability.ini]
[2020.07.04-16.16.45:565][  0]LogConfig: Setting CVar [[r.LightFunctionQuality:1]]
[2020.07.04-16.16.45:565][  0]LogConfig: Setting CVar [[r.ShadowQuality:5]]
[2020.07.04-16.16.45:565][  0]LogConfig: Setting CVar [[r.Shadow.CSM.MaxCascades:4]]
[2020.07.04-16.16.45:565][  0]LogConfig: Setting CVar [[r.Shadow.MaxResolution:1024]]
[2020.07.04-16.16.45:565][  0]LogConfig: Setting CVar [[r.Shadow.MaxCSMResolution:2048]]
[2020.07.04-16.16.45:565][  0]LogConfig: Setting CVar [[r.Shadow.RadiusThreshold:0.04]]
[2020.07.04-16.16.45:565][  0]LogConfig: Setting CVar [[r.Shadow.DistanceScale:0.85]]
[2020.07.04-16.16.45:565][  0]LogConfig: Setting CVar [[r.Shadow.CSM.TransitionScale:0.8]]
[2020.07.04-16.16.45:565][  0]LogConfig: Setting CVar [[r.Shadow.PreShadowResolutionFactor:0.5]]
[2020.07.04-16.16.45:565][  0]LogConfig: Setting CVar [[r.DistanceFieldShadowing:1]]
[2020.07.04-16.16.45:565][  0]LogConfig: Setting CVar [[r.DistanceFieldAO:1]]
[2020.07.04-16.16.45:565][  0]LogConfig: Setting CVar [[r.AOQuality:1]]
[2020.07.04-16.16.45:565][  0]LogConfig: Setting CVar [[r.VolumetricFog:1]]
[2020.07.04-16.16.45:565][  0]LogConfig: Setting CVar [[r.VolumetricFog.GridPixelSize:16]]
[2020.07.04-16.16.45:565][  0]LogConfig: Setting CVar [[r.VolumetricFog.GridSizeZ:64]]
[2020.07.04-16.16.45:565][  0]LogConfig: Setting CVar [[r.VolumetricFog.HistoryMissSupersampleCount:4]]
[2020.07.04-16.16.45:565][  0]LogConfig: Setting CVar [[r.LightMaxDrawDistanceScale:1]]
[2020.07.04-16.16.45:565][  0]LogConfig: Setting CVar [[r.CapsuleShadows:1]]
[2020.07.04-16.16.45:565][  0]LogConfig: Applying CVar settings from Section [PostProcessQuality@2] File [C:/Users/felix/OneDrive/Documenten/Unreal Projects/cover-spot-generator/CoverSpotGenerator/Saved/Config/Windows/Scalability.ini]
[2020.07.04-16.16.45:565][  0]LogConfig: Setting CVar [[r.MotionBlurQuality:3]]
[2020.07.04-16.16.45:565][  0]LogConfig: Setting CVar [[r.AmbientOcclusionMipLevelFactor:0.6]]
[2020.07.04-16.16.45:565][  0]LogConfig: Setting CVar [[r.AmbientOcclusionMaxQuality:100]]
[2020.07.04-16.16.45:565][  0]LogConfig: Setting CVar [[r.AmbientOcclusionLevels:-1]]
[2020.07.04-16.16.45:565][  0]LogConfig: Setting CVar [[r.AmbientOcclusionRadiusScale:1.5]]
[2020.07.04-16.16.45:565][  0]LogConfig: Setting CVar [[r.DepthOfFieldQuality:2]]
[2020.07.04-16.16.45:565][  0]LogConfig: Setting CVar [[r.RenderTargetPoolMin:400]]
[2020.07.04-16.16.45:565][  0]LogConfig: Setting CVar [[r.LensFlareQuality:2]]
[2020.07.04-16.16.45:565][  0]LogConfig: Setting CVar [[r.SceneColorFringeQuality:1]]
[2020.07.04-16.16.45:565][  0]LogConfig: Setting CVar [[r.EyeAdaptationQuality:2]]
[2020.07.04-16.16.45:565][  0]LogConfig: Setting CVar [[r.BloomQuality:5]]
[2020.07.04-16.16.45:565][  0]LogConfig: Setting CVar [[r.FastBlurThreshold:3]]
[2020.07.04-16.16.45:565][  0]LogConfig: Setting CVar [[r.Upscale.Quality:2]]
[2020.07.04-16.16.45:565][  0]LogConfig: Setting CVar [[r.Tonemapper.GrainQuantization:1]]
[2020.07.04-16.16.45:565][  0]LogConfig: Setting CVar [[r.LightShaftQuality:1]]
[2020.07.04-16.16.45:565][  0]LogConfig: Setting CVar [[r.Filter.SizeScale:0.8]]
[2020.07.04-16.16.45:565][  0]LogConfig: Setting CVar [[r.Tonemapper.Quality:5]]
[2020.07.04-16.16.45:565][  0]LogConfig: Setting CVar [[r.DOF.Gather.AccumulatorQuality:0        ; lower gathering accumulator quality]]
[2020.07.04-16.16.45:565][  0]LogConfig: Setting CVar [[r.DOF.Gather.PostfilterMethod:2          ; Max3x3 postfilering method]]
[2020.07.04-16.16.45:565][  0]LogConfig: Setting CVar [[r.DOF.Gather.EnableBokehSettings:0       ; no bokeh simulation when gathering]]
[2020.07.04-16.16.45:565][  0]LogConfig: Setting CVar [[r.DOF.Gather.RingCount:4                 ; medium number of samples when gathering]]
[2020.07.04-16.16.45:565][  0]LogConfig: Setting CVar [[r.DOF.Scatter.ForegroundCompositing:1    ; additive foreground scattering]]
[2020.07.04-16.16.45:565][  0]LogConfig: Setting CVar [[r.DOF.Scatter.BackgroundCompositing:1    ; no background occlusion]]
[2020.07.04-16.16.45:565][  0]LogConfig: Setting CVar [[r.DOF.Scatter.EnableBokehSettings:0      ; no bokeh simulation when scattering]]
[2020.07.04-16.16.45:565][  0]LogConfig: Setting CVar [[r.DOF.Scatter.MaxSpriteRatio:0.04        ; only a maximum of 4% of scattered bokeh]]
[2020.07.04-16.16.45:565][  0]LogConfig: Setting CVar [[r.DOF.Recombine.Quality:0                ; no slight out of focus]]
[2020.07.04-16.16.45:565][  0]LogConfig: Setting CVar [[r.DOF.TemporalAAQuality:0                ; faster temporal accumulation]]
[2020.07.04-16.16.45:565][  0]LogConfig: Setting CVar [[r.DOF.Kernel.MaxForegroundRadius:0.012   ; required because of AccumulatorQuality=0]]
[2020.07.04-16.16.45:565][  0]LogConfig: Setting CVar [[r.DOF.Kernel.MaxBackgroundRadius:0.012   ; required because of AccumulatorQuality=0]]
[2020.07.04-16.16.45:565][  0]LogConfig: Applying CVar settings from Section [TextureQuality@3] File [C:/Users/felix/OneDrive/Documenten/Unreal Projects/cover-spot-generator/CoverSpotGenerator/Saved/Config/Windows/Scalability.ini]
[2020.07.04-16.16.45:565][  0]LogConfig: Setting CVar [[r.Streaming.MipBias:0]]
[2020.07.04-16.16.45:565][  0]LogConfig: Setting CVar [[r.Streaming.AmortizeCPUToGPUCopy:0]]
[2020.07.04-16.16.45:565][  0]LogConfig: Setting CVar [[r.Streaming.MaxNumTexturesToStreamPerFrame:0]]
[2020.07.04-16.16.45:565][  0]LogConfig: Setting CVar [[r.Streaming.Boost:1]]
[2020.07.04-16.16.45:565][  0]LogConfig: Setting CVar [[r.MaxAnisotropy:8]]
[2020.07.04-16.16.45:565][  0]LogConfig: Setting CVar [[r.Streaming.LimitPoolSizeToVRAM:0]]
[2020.07.04-16.16.45:565][  0]LogConfig: Setting CVar [[r.Streaming.PoolSize:1000]]
[2020.07.04-16.16.45:565][  0]LogConfig: Setting CVar [[r.Streaming.MaxEffectiveScreenSize:0]]
[2020.07.04-16.16.45:565][  0]LogConfig: Applying CVar settings from Section [EffectsQuality@3] File [C:/Users/felix/OneDrive/Documenten/Unreal Projects/cover-spot-generator/CoverSpotGenerator/Saved/Config/Windows/Scalability.ini]
[2020.07.04-16.16.45:565][  0]LogConfig: Setting CVar [[r.TranslucencyLightingVolumeDim:64]]
[2020.07.04-16.16.45:565][  0]LogConfig: Setting CVar [[r.RefractionQuality:2]]
[2020.07.04-16.16.45:565][  0]LogConfig: Setting CVar [[r.SSR.Quality:3]]
[2020.07.04-16.16.45:565][  0]LogConfig: Setting CVar [[r.SceneColorFormat:4]]
[2020.07.04-16.16.45:565][  0]LogConfig: Setting CVar [[r.DetailMode:2]]
[2020.07.04-16.16.45:565][  0]LogConfig: Setting CVar [[r.TranslucencyVolumeBlur:1]]
[2020.07.04-16.16.45:565][  0]LogConfig: Setting CVar [[r.MaterialQualityLevel:1 ; High quality]]
[2020.07.04-16.16.45:565][  0]LogConfig: Setting CVar [[r.SSS.Scale:1]]
[2020.07.04-16.16.45:565][  0]LogConfig: Setting CVar [[r.SSS.SampleSet:2]]
[2020.07.04-16.16.45:565][  0]LogConfig: Setting CVar [[r.SSS.Quality:1]]
[2020.07.04-16.16.45:565][  0]LogConfig: Setting CVar [[r.SSS.HalfRes:1]]
[2020.07.04-16.16.45:566][  0]LogConfig: Setting CVar [[r.EmitterSpawnRateScale:1.0]]
[2020.07.04-16.16.45:566][  0]LogConfig: Setting CVar [[r.ParticleLightQuality:2]]
[2020.07.04-16.16.45:566][  0]LogConfig: Applying CVar settings from Section [FoliageQuality@3] File [C:/Users/felix/OneDrive/Documenten/Unreal Projects/cover-spot-generator/CoverSpotGenerator/Saved/Config/Windows/Scalability.ini]
[2020.07.04-16.16.45:566][  0]LogConfig: Setting CVar [[foliage.DensityScale:1.0]]
[2020.07.04-16.16.45:566][  0]LogConfig: Setting CVar [[grass.DensityScale:1.0]]
[2020.07.04-16.16.45:566][  0]LogConfig: Applying CVar settings from Section [Startup] File [../../../Engine/Config/ConsoleVariables.ini]
[2020.07.04-16.16.45:566][  0]LogConfig: Setting CVar [[net.UseAdaptiveNetUpdateFrequency:0]]
[2020.07.04-16.16.45:566][  0]LogConfig: Setting CVar [[p.chaos.AllowCreatePhysxBodies:1]]
[2020.07.04-16.16.45:566][  0]LogConfig: Applying CVar settings from Section [ConsoleVariables] File [C:/Users/felix/OneDrive/Documenten/Unreal Projects/cover-spot-generator/CoverSpotGenerator/Saved/Config/Windows/Engine.ini]
[2020.07.04-16.16.45:566][  0]LogInit: Computer: DESKTOP-M6VFN6R
[2020.07.04-16.16.45:566][  0]LogInit: User: felix
[2020.07.04-16.16.45:566][  0]LogInit: CPU Page size=4096, Cores=6
[2020.07.04-16.16.45:566][  0]LogInit: High frequency timer resolution =10.000000 MHz
[2020.07.04-16.16.45:566][  0]LogMemory: Memory total: Physical=15.8GB (16GB approx)
[2020.07.04-16.16.45:566][  0]LogMemory: Platform Memory Stats for Windows
[2020.07.04-16.16.45:566][  0]LogMemory: Process Physical Memory: 100.37 MB used, 100.38 MB peak
[2020.07.04-16.16.45:566][  0]LogMemory: Process Virtual Memory: 91.70 MB used, 91.70 MB peak
[2020.07.04-16.16.45:566][  0]LogMemory: Physical Memory: 9338.38 MB used,  6887.92 MB free, 16226.30 MB total
[2020.07.04-16.16.45:566][  0]LogMemory: Virtual Memory: 4662.62 MB used,  134213064.00 MB free, 134217728.00 MB total
[2020.07.04-16.16.45:586][  0]LogInit: Using OS detected language (nl-NL).
[2020.07.04-16.16.45:586][  0]LogInit: Using OS detected locale (nl-NL).
[2020.07.04-16.16.45:586][  0]LogTextLocalizationManager: No localization for 'nl-NL' exists, so 'en' will be used for the language.
[2020.07.04-16.16.45:741][  0]LogInit: Setting process to per monitor DPI aware
[2020.07.04-16.16.45:775][  0]LogSlate: New Slate User Created.  User Index 0, Is Virtual User: 0
[2020.07.04-16.16.45:775][  0]LogSlate: Slate User Registered.  User Index 0, Is Virtual User: 0
[2020.07.04-16.16.46:072][  0]LogHMD: Failed to initialize OpenVR with code 110
[2020.07.04-16.16.46:072][  0]LogD3D11RHI: D3D11 adapters:
[2020.07.04-16.16.46:224][  0]LogD3D11RHI:    0. 'NVIDIA GeForce GTX 1050' (Feature Level 11_0)
[2020.07.04-16.16.46:224][  0]LogD3D11RHI:       4019/0/8113 MB DedicatedVideo/DedicatedSystem/SharedSystem, Outputs:1, VendorId:0x10de
[2020.07.04-16.16.46:237][  0]LogD3D11RHI:    1. 'Intel(R) UHD Graphics 630' (Feature Level 11_0)
[2020.07.04-16.16.46:237][  0]LogD3D11RHI:       128/0/8113 MB DedicatedVideo/DedicatedSystem/SharedSystem, Outputs:0, VendorId:0x8086
[2020.07.04-16.16.46:239][  0]LogD3D11RHI:    2. 'Microsoft Basic Render Driver' (Feature Level 11_0)
[2020.07.04-16.16.46:239][  0]LogD3D11RHI:       0/0/8113 MB DedicatedVideo/DedicatedSystem/SharedSystem, Outputs:0, VendorId:0x1414
[2020.07.04-16.16.46:239][  0]LogD3D11RHI: Chosen D3D11 Adapter: 0
[2020.07.04-16.16.46:273][  0]LogD3D11RHI: Creating new Direct3DDevice
[2020.07.04-16.16.46:274][  0]LogD3D11RHI:     GPU DeviceId: 0x1c8d (for the marketing name, search the web for "GPU Device Id")
[2020.07.04-16.16.46:274][  0]LogWindows: EnumDisplayDevices:
[2020.07.04-16.16.46:274][  0]LogWindows:    0. 'Intel(R) UHD Graphics 630' (P:1 D:1)
[2020.07.04-16.16.46:274][  0]LogWindows:    1. 'Intel(R) UHD Graphics 630' (P:0 D:0)
[2020.07.04-16.16.46:274][  0]LogWindows:    2. 'Intel(R) UHD Graphics 630' (P:0 D:0)
[2020.07.04-16.16.46:275][  0]LogWindows:    3. 'NVIDIA GeForce GTX 1050' (P:0 D:0)
[2020.07.04-16.16.46:275][  0]LogWindows: DebugString: PrimaryIsNotTheChoosenAdapter PrimaryIsNotTheChoosenAdapter PrimaryIsNotTheChoosenAdapter 
[2020.07.04-16.16.46:275][  0]LogD3D11RHI:     Adapter Name: NVIDIA GeForce GTX 1050
[2020.07.04-16.16.46:275][  0]LogD3D11RHI:   Driver Version: 441.22 (internal:26.21.14.4122, unified:441.22)
[2020.07.04-16.16.46:275][  0]LogD3D11RHI:      Driver Date: 11-7-2019
[2020.07.04-16.16.46:275][  0]LogRHI: Texture pool is 2813 MB (70% of 4019 MB)
[2020.07.04-16.16.46:314][  0]LogD3D11RHI: Async texture creation enabled
[2020.07.04-16.16.46:317][  0]LogRendererCore: FGlobalReadBuffer::InitRHI
[2020.07.04-16.16.46:318][  0]LogRendererCore: FGlobalReadBuffer::InitRHI
[2020.07.04-16.16.46:318][  0]LogRendererCore: FGlobalReadBuffer::InitRHI
[2020.07.04-16.16.46:325][  0]LogD3D11RHI: GPU Timing Frequency: 1000.000000 (Debug: 2 1)
[2020.07.04-16.16.46:638][  0]LogTemp: Display: Module 'AllDesktopTargetPlatform' loaded TargetPlatform 'AllDesktop'
[2020.07.04-16.16.46:652][  0]LogTemp: Display: Module 'MacClientTargetPlatform' loaded TargetPlatform 'MacClient'
[2020.07.04-16.16.46:666][  0]LogTemp: Display: Module 'MacNoEditorTargetPlatform' loaded TargetPlatform 'MacNoEditor'
[2020.07.04-16.16.46:678][  0]LogTemp: Display: Module 'MacServerTargetPlatform' loaded TargetPlatform 'MacServer'
[2020.07.04-16.16.46:691][  0]LogTemp: Display: Module 'MacTargetPlatform' loaded TargetPlatform 'Mac'
[2020.07.04-16.16.46:706][  0]LogTemp: Display: Module 'WindowsClientTargetPlatform' loaded TargetPlatform 'WindowsClient'
[2020.07.04-16.16.46:719][  0]LogTemp: Display: Module 'WindowsNoEditorTargetPlatform' loaded TargetPlatform 'WindowsNoEditor'
[2020.07.04-16.16.46:731][  0]LogTemp: Display: Module 'WindowsServerTargetPlatform' loaded TargetPlatform 'WindowsServer'
[2020.07.04-16.16.46:738][  0]LogTemp: Display: Module 'WindowsTargetPlatform' loaded TargetPlatform 'Windows'
[2020.07.04-16.16.46:813][  0]LogTemp: Display: Module 'AndroidTargetPlatform' loaded TargetPlatform 'Android'
[2020.07.04-16.16.46:813][  0]LogTemp: Display: Module 'AndroidTargetPlatform' loaded TargetPlatform 'Android_ASTC'
[2020.07.04-16.16.46:813][  0]LogTemp: Display: Module 'AndroidTargetPlatform' loaded TargetPlatform 'Android_ATC'
[2020.07.04-16.16.46:813][  0]LogTemp: Display: Module 'AndroidTargetPlatform' loaded TargetPlatform 'Android_DXT'
[2020.07.04-16.16.46:813][  0]LogTemp: Display: Module 'AndroidTargetPlatform' loaded TargetPlatform 'Android_ETC1'
[2020.07.04-16.16.46:813][  0]LogTemp: Display: Module 'AndroidTargetPlatform' loaded TargetPlatform 'Android_ETC1a'
[2020.07.04-16.16.46:813][  0]LogTemp: Display: Module 'AndroidTargetPlatform' loaded TargetPlatform 'Android_ETC2'
[2020.07.04-16.16.46:813][  0]LogTemp: Display: Module 'AndroidTargetPlatform' loaded TargetPlatform 'Android_PVRTC'
[2020.07.04-16.16.46:813][  0]LogTemp: Display: Module 'AndroidTargetPlatform' loaded TargetPlatform 'AndroidClient'
[2020.07.04-16.16.46:813][  0]LogTemp: Display: Module 'AndroidTargetPlatform' loaded TargetPlatform 'Android_ASTCClient'
[2020.07.04-16.16.46:813][  0]LogTemp: Display: Module 'AndroidTargetPlatform' loaded TargetPlatform 'Android_ATCClient'
[2020.07.04-16.16.46:813][  0]LogTemp: Display: Module 'AndroidTargetPlatform' loaded TargetPlatform 'Android_DXTClient'
[2020.07.04-16.16.46:813][  0]LogTemp: Display: Module 'AndroidTargetPlatform' loaded TargetPlatform 'Android_ETC1Client'
[2020.07.04-16.16.46:813][  0]LogTemp: Display: Module 'AndroidTargetPlatform' loaded TargetPlatform 'Android_ETC1aClient'
[2020.07.04-16.16.46:813][  0]LogTemp: Display: Module 'AndroidTargetPlatform' loaded TargetPlatform 'Android_ETC2Client'
[2020.07.04-16.16.46:813][  0]LogTemp: Display: Module 'AndroidTargetPlatform' loaded TargetPlatform 'Android_PVRTCClient'
[2020.07.04-16.16.46:813][  0]LogTemp: Display: Module 'AndroidTargetPlatform' loaded TargetPlatform 'Android_Multi'
[2020.07.04-16.16.46:813][  0]LogTemp: Display: Module 'AndroidTargetPlatform' loaded TargetPlatform 'Android_MultiClient'
[2020.07.04-16.16.46:814][  0]LogTemp: Display: Module 'HTML5TargetPlatform' loaded TargetPlatform 'HTML5'
[2020.07.04-16.16.46:860][  0]LogTemp: Display: Module 'IOSTargetPlatform' loaded TargetPlatform 'IOSClient'
[2020.07.04-16.16.46:860][  0]LogTemp: Display: Module 'IOSTargetPlatform' loaded TargetPlatform 'IOS'
[2020.07.04-16.16.46:880][  0]LogTemp: Display: Module 'TVOSTargetPlatform' loaded TargetPlatform 'TVOSClient'
[2020.07.04-16.16.46:880][  0]LogTemp: Display: Module 'TVOSTargetPlatform' loaded TargetPlatform 'TVOS'
[2020.07.04-16.16.46:891][  0]LogTemp: Display: Module 'LinuxClientTargetPlatform' loaded TargetPlatform 'LinuxClient'
[2020.07.04-16.16.46:903][  0]LogTemp: Display: Module 'LinuxNoEditorTargetPlatform' loaded TargetPlatform 'LinuxNoEditor'
[2020.07.04-16.16.46:914][  0]LogTemp: Display: Module 'LinuxServerTargetPlatform' loaded TargetPlatform 'LinuxServer'
[2020.07.04-16.16.46:925][  0]LogTemp: Display: Module 'LinuxTargetPlatform' loaded TargetPlatform 'Linux'
[2020.07.04-16.16.46:964][  0]LogTemp: Display: Module 'LuminTargetPlatform' loaded TargetPlatform 'Lumin'
[2020.07.04-16.16.46:964][  0]LogTemp: Display: Module 'LuminTargetPlatform' loaded TargetPlatform 'LuminClient'
[2020.07.04-16.16.46:964][  0]LogTargetPlatformManager: Display: Building Assets For Windows
[2020.07.04-16.16.46:972][  0]LogAudioDebug: Display: Lib vorbis DLL was dynamically loaded.
[2020.07.04-16.16.47:020][  0]LogShaderCompilers: Guid format shader working directory is -60 characters bigger than the processId version (../../../../../../Users/felix/OneDrive/Documenten/Unreal Projects/cover-spot-generator/CoverSpotGenerator/Intermediate/Shaders/WorkingDirectory/45880/).
[2020.07.04-16.16.47:020][  0]LogShaderCompilers: Cleaned the shader compiler working directory 'C:/Users/felix/AppData/Local/Temp/UnrealShaderWorkingDir/98235967431C36582AAAA7AEDBC6A291/'.
[2020.07.04-16.16.47:022][  0]LogXGEController: Cannot use XGE Controller as Incredibuild is not installed on this machine.
[2020.07.04-16.16.47:022][  0]LogShaderCompilers: Cannot use XGE Shader Compiler as Incredibuild is not installed on this machine.
[2020.07.04-16.16.47:022][  0]LogShaderCompilers: Display: Using Local Shader Compiler.
[2020.07.04-16.16.47:535][  0]LogDerivedDataCache: Display: Max Cache Size: 512 MB
[2020.07.04-16.16.47:583][  0]LogDerivedDataCache: Loaded boot cache 0.05s 83MB C:/Users/felix/AppData/Local/UnrealEngine/4.22/DerivedDataCache/Boot.ddc.
[2020.07.04-16.16.47:583][  0]LogDerivedDataCache: Display: Loaded Boot cache: C:/Users/felix/AppData/Local/UnrealEngine/4.22/DerivedDataCache/Boot.ddc
[2020.07.04-16.16.47:583][  0]LogDerivedDataCache: FDerivedDataBackendGraph:  Pak pak cache file ../../../../../../Users/felix/OneDrive/Documenten/Unreal Projects/cover-spot-generator/CoverSpotGenerator/DerivedDataCache/DDC.ddp not found, will not use a pak cache.
[2020.07.04-16.16.47:583][  0]LogDerivedDataCache: Unable to find inner node Pak for hierarchical cache Hierarchy.
[2020.07.04-16.16.47:583][  0]LogDerivedDataCache: FDerivedDataBackendGraph:  CompressedPak pak cache file ../../../../../../Users/felix/OneDrive/Documenten/Unreal Projects/cover-spot-generator/CoverSpotGenerator/DerivedDataCache/Compressed.ddp not found, will not use a pak cache.
[2020.07.04-16.16.47:583][  0]LogDerivedDataCache: Unable to find inner node CompressedPak for hierarchical cache Hierarchy.
[2020.07.04-16.16.47:595][  0]LogDerivedDataCache: Display: Pak cache opened for reading ../../../Engine/DerivedDataCache/Compressed.ddp.
[2020.07.04-16.16.47:595][  0]LogDerivedDataCache: FDerivedDataBackendGraph:  EnterprisePak pak cache file ../../../Enterprise/DerivedDataCache/Compressed.ddp not found, will not use a pak cache.
[2020.07.04-16.16.47:595][  0]LogDerivedDataCache: Unable to find inner node EnterprisePak for hierarchical cache Hierarchy.
[2020.07.04-16.16.47:607][  0]LogDerivedDataCache: Using Local data cache path C:/Users/felix/AppData/Local/UnrealEngine/Common/DerivedDataCache: Writable
[2020.07.04-16.16.47:607][  0]LogDerivedDataCache: Shared data cache path not found in *engine.ini, will not use an Shared cache.
[2020.07.04-16.16.47:607][  0]LogDerivedDataCache: Unable to find inner node Shared for hierarchical cache Hierarchy.
[2020.07.04-16.16.47:626][  0]LogMaterial: Verifying Global Shaders for PCD3D_SM5
[2020.07.04-16.16.47:627][  0]LogSlate: Using FreeType 2.6.0
[2020.07.04-16.16.47:627][  0]LogSlate: SlateFontServices - WITH_FREETYPE: 1, WITH_HARFBUZZ: 1
[2020.07.04-16.16.47:707][  0]LogAssetRegistry: FAssetRegistry took 0.0322 seconds to start up
[2020.07.04-16.16.48:048][  0]LogInit: Selected Device Profile: [Windows]
[2020.07.04-16.16.48:186][  0]LogMeshReduction: Using QuadricMeshReduction for automatic static mesh reduction
[2020.07.04-16.16.48:186][  0]LogMeshReduction: Using SimplygonMeshReduction for automatic skeletal mesh reduction
[2020.07.04-16.16.48:186][  0]LogMeshReduction: Using ProxyLODMeshReduction for automatic mesh merging
[2020.07.04-16.16.48:186][  0]LogMeshReduction: No distributed automatic mesh merging module available
[2020.07.04-16.16.48:186][  0]LogMeshMerging: No distributed automatic mesh merging module available
[2020.07.04-16.16.48:196][  0]LogNetVersion: CoverSpotGenerator 1.0.0, NetCL: 5660361, EngineNetVer: 10, GameNetVer: 0 (Checksum: 1212731916)
[2020.07.04-16.16.48:576][  0]LogPackageLocalizationCache: Processed 10 localized package path(s) for 1 prioritized culture(s) in 0.041208 seconds
[2020.07.04-16.16.48:583][  0]LogUObjectArray: 42205 objects as part of root set at end of initial load.
[2020.07.04-16.16.48:583][  0]LogUObjectAllocator: 7325032 out of 0 bytes used by permanent object pool.
[2020.07.04-16.16.48:583][  0]LogUObjectArray: CloseDisregardForGC: 0/0 objects in disregard for GC pool
[2020.07.04-16.16.49:358][  0]LogTcpMessaging: Initializing TcpMessaging bridge
[2020.07.04-16.16.49:390][  0]LogUdpMessaging: Initializing bridge on interface 0.0.0.0:0 to multicast group 230.0.0.1:6666.
[2020.07.04-16.16.49:682][  0]SourceControl: Source control is disabled
[2020.07.04-16.16.49:682][  0]SourceControl: Source control is disabled
[2020.07.04-16.16.49:684][  0]SourceControl: Source control is disabled
[2020.07.04-16.16.49:685][  0]SourceControl: Source control is disabled
[2020.07.04-16.16.49:763][  0]LogAndroidPermission: UAndroidPermissionCallbackProxy::GetInstance
[2020.07.04-16.16.49:827][  0]LogOcInput: OculusInput pre-init called
[2020.07.04-16.16.50:450][  0]LogEngine: Initializing Engine...
[2020.07.04-16.16.50:451][  0]LogHMD: Failed to initialize OpenVR with code 110
[2020.07.04-16.16.50:452][  0]LogStats: UGameplayTagsManager::InitializeManager -  0.000 s
[2020.07.04-16.16.50:640][  0]LogInit: Initializing FReadOnlyCVARCache
[2020.07.04-16.16.50:652][  0]LogAIModule: Creating AISystem for world Untitled
[2020.07.04-16.16.50:665][  0]LogInit: XAudio2 using 'Speakers (Realtek High Definition Audio)' : 2 channels at 48 kHz using 32 bits per sample (channel mask 0x3)
[2020.07.04-16.16.50:788][  0]LogInit: FAudioDevice initialized.
[2020.07.04-16.16.50:788][  0]LogNetVersion: Set ProjectVersion to 1.0.0.0. Version Checksum will be recalculated on next use.
[2020.07.04-16.16.50:924][  0]LogDerivedDataCache: Saved boot cache 0.14s 86MB C:/Users/felix/AppData/Local/UnrealEngine/4.22/DerivedDataCache/Boot.ddc.
[2020.07.04-16.16.50:929][  0]LogInit: Texture streaming: Enabled
[2020.07.04-16.16.50:948][  0]LogEngineSessionManager: EngineSessionManager initialized
[2020.07.04-16.16.50:976][  0]LogInit: Transaction tracking system initialized
[2020.07.04-16.16.51:001][  0]BlueprintLog: New page: Editor Load
[2020.07.04-16.16.51:132][  0]LocalizationService: Localization service is disabled
[2020.07.04-16.16.51:445][  0]LogFileCache: Scanning file cache for directory 'C:/Users/felix/OneDrive/Documenten/Unreal Projects/cover-spot-generator/CoverSpotGenerator/Content/' took 0.01s
[2020.07.04-16.16.51:445][  0]LogCook: Display: Max memory allowance for cook 16384mb min free memory 0mb
[2020.07.04-16.16.51:445][  0]LogCook: Display: Mobile HDR setting 1
[2020.07.04-16.16.51:620][  0]SourceControl: Source control is disabled
[2020.07.04-16.16.51:621][  0]LightingResults: New page: Lighting Build
[2020.07.04-16.16.51:623][  0]MapCheck: New page: Map Check
[2020.07.04-16.16.51:623][  0]LightingResults: New page: Lighting Build
[2020.07.04-16.16.51:653][  0]LogUObjectHash: Compacting FUObjectHashTables data took   1.64ms
[2020.07.04-16.16.52:039][  0]LogTexture: Display: Building textures: HQ_Lightmap0_3 (AutoDXT, 64X64)
[2020.07.04-16.16.52:039][  0]LogTexture: Display: Building textures: SkyOcclusion0_3 (AutoDXT, 64X32)
[2020.07.04-16.16.52:039][  0]LogTexture: Display: Building textures: LQ_Lightmap_0_3 (DXT1, 64X64)
[2020.07.04-16.16.52:039][  0]LogTexture: Display: Building textures: SkyOcclusion0_2 (AutoDXT, 512X256)
[2020.07.04-16.16.52:039][  0]LogTexture: Display: Building textures: HQ_Lightmap0_2 (AutoDXT, 512X512)
[2020.07.04-16.16.52:039][  0]LogTexture: Display: Building textures: LQ_Lightmap_0_2 (DXT1, 512X512)
[2020.07.04-16.16.52:039][  0]LogTexture: Display: Building textures: ShadowMapTexture2D_0 (G8, 2048X1024)
[2020.07.04-16.16.52:039][  0]LogTexture: Display: Building textures: ShadowMapTexture2D_1 (G8, 64X32)
[2020.07.04-16.16.52:039][  0]LogTexture: Display: Building textures: SkyOcclusion0_1 (AutoDXT, 1024X512)
[2020.07.04-16.16.52:039][  0]LogTexture: Display: Building textures: LQ_Lightmap_0_1 (DXT1, 1024X1024)
[2020.07.04-16.16.52:039][  0]LogTexture: Display: Building textures: HQ_Lightmap0_1 (AutoDXT, 1024X1024)
[2020.07.04-16.16.52:040][  0]LogAIModule: Creating AISystem for world ThirdPersonExampleMap
[2020.07.04-16.16.52:060][  0]LogEditorServer: Finished looking for orphan Actors (0.000 secs)
[2020.07.04-16.16.52:088][  0]LogUObjectHash: Compacting FUObjectHashTables data took   1.61ms
[2020.07.04-16.16.52:089][  0]Cmd: MAP CHECKDEP NOCLEARLOG
[2020.07.04-16.16.52:089][  0]MapCheck: Map check complete: 0 Error(s), 0 Warning(s), took 0,15ms to complete.
[2020.07.04-16.16.52:089][  0]LogFileHelpers: Loading map 'ThirdPersonExampleMap' took 0.468
[2020.07.04-16.16.52:208][  0]LogSlate: Updating window title bar state: overlay mode, drag disabled, window buttons hidden, title bar hidden
[2020.07.04-16.16.52:215][  0]LogSlate: Updating window title bar state: overlay mode, drag disabled, window buttons hidden, title bar hidden
[2020.07.04-16.16.52:221][  0]LogSlate: Updating window title bar state: overlay mode, drag disabled, window buttons hidden, title bar hidden
[2020.07.04-16.16.52:228][  0]LogSlate: Updating window title bar state: overlay mode, drag disabled, window buttons hidden, title bar hidden
[2020.07.04-16.16.52:240][  0]LogCollectionManager: Loaded 0 collections in 0.001536 seconds
[2020.07.04-16.16.52:289][  0]LogFileCache: Scanning file cache for directory 'C:/Users/felix/OneDrive/Documenten/Unreal Projects/cover-spot-generator/CoverSpotGenerator/Saved/Collections/' took 0.01s
[2020.07.04-16.16.52:289][  0]LogFileCache: Scanning file cache for directory 'C:/Users/felix/OneDrive/Documenten/Unreal Projects/cover-spot-generator/CoverSpotGenerator/Content/Developers/felix/Collections/' took 0.01s
[2020.07.04-16.16.52:289][  0]LogFileCache: Scanning file cache for directory 'C:/Users/felix/OneDrive/Documenten/Unreal Projects/cover-spot-generator/CoverSpotGenerator/Content/Collections/' took 0.01s
[2020.07.04-16.16.52:289][  0]LogCollectionManager: Rebuilt the GUID cache for 0 collections in 0.000000 seconds
[2020.07.04-16.16.52:299][  0]LogContentBrowser: Native class hierarchy populated in 0.0082 seconds. Added 2734 classes and 661 folders.
[2020.07.04-16.16.52:309][  0]LogContentBrowser: Native class hierarchy updated for 'WidgetCarousel' in 0.0003 seconds. Added 0 classes and 0 folders.
[2020.07.04-16.16.52:310][  0]LogPakFile: Registered encryption key '00000000000000000000000000000000': 0 pak files mounted, 0 remain pending
[2020.07.04-16.16.52:311][  0]LogPakFile: Registered encryption key '00000000000000000000000000000000': 0 pak files mounted, 0 remain pending
[2020.07.04-16.16.52:311][  0]LogPakFile: Registered encryption key '00000000000000000000000000000000': 0 pak files mounted, 0 remain pending
[2020.07.04-16.16.52:311][  0]LogPakFile: Registered encryption key '00000000000000000000000000000000': 0 pak files mounted, 0 remain pending
[2020.07.04-16.16.52:312][  0]LogPakFile: Registered encryption key '00000000000000000000000000000000': 0 pak files mounted, 0 remain pending
[2020.07.04-16.16.52:312][  0]LogPakFile: Registered encryption key '00000000000000000000000000000000': 0 pak files mounted, 0 remain pending
[2020.07.04-16.16.52:313][  0]LogPakFile: Registered encryption key '00000000000000000000000000000000': 0 pak files mounted, 0 remain pending
[2020.07.04-16.16.52:313][  0]LogPakFile: Registered encryption key '00000000000000000000000000000000': 0 pak files mounted, 0 remain pending
[2020.07.04-16.16.52:313][  0]LogPakFile: Registered encryption key '00000000000000000000000000000000': 0 pak files mounted, 0 remain pending
[2020.07.04-16.16.52:314][  0]LogPakFile: Registered encryption key '00000000000000000000000000000000': 0 pak files mounted, 0 remain pending
[2020.07.04-16.16.52:314][  0]LogPakFile: Registered encryption key '00000000000000000000000000000000': 0 pak files mounted, 0 remain pending
[2020.07.04-16.16.52:314][  0]LogPakFile: Registered encryption key '00000000000000000000000000000000': 0 pak files mounted, 0 remain pending
[2020.07.04-16.16.52:315][  0]LogPakFile: Registered encryption key '00000000000000000000000000000000': 0 pak files mounted, 0 remain pending
[2020.07.04-16.16.52:315][  0]LogPakFile: Registered encryption key '00000000000000000000000000000000': 0 pak files mounted, 0 remain pending
[2020.07.04-16.16.52:316][  0]LogPakFile: Registered encryption key '00000000000000000000000000000000': 0 pak files mounted, 0 remain pending
[2020.07.04-16.16.52:316][  0]LogPakFile: Registered encryption key '00000000000000000000000000000000': 0 pak files mounted, 0 remain pending
[2020.07.04-16.16.52:316][  0]LogPakFile: Registered encryption key '00000000000000000000000000000000': 0 pak files mounted, 0 remain pending
[2020.07.04-16.16.52:317][  0]LogPakFile: Registered encryption key '00000000000000000000000000000000': 0 pak files mounted, 0 remain pending
[2020.07.04-16.16.52:317][  0]LogPakFile: Registered encryption key '00000000000000000000000000000000': 0 pak files mounted, 0 remain pending
[2020.07.04-16.16.52:318][  0]LogPakFile: Registered encryption key '00000000000000000000000000000000': 0 pak files mounted, 0 remain pending
[2020.07.04-16.16.52:318][  0]LogPakFile: Registered encryption key '00000000000000000000000000000000': 0 pak files mounted, 0 remain pending
[2020.07.04-16.16.52:318][  0]LogPakFile: Registered encryption key '00000000000000000000000000000000': 0 pak files mounted, 0 remain pending
[2020.07.04-16.16.52:319][  0]LogPakFile: Registered encryption key '00000000000000000000000000000000': 0 pak files mounted, 0 remain pending
[2020.07.04-16.16.52:319][  0]LogPakFile: Registered encryption key '00000000000000000000000000000000': 0 pak files mounted, 0 remain pending
[2020.07.04-16.16.52:320][  0]LogPakFile: Registered encryption key '00000000000000000000000000000000': 0 pak files mounted, 0 remain pending
[2020.07.04-16.16.52:320][  0]LogPakFile: Registered encryption key '00000000000000000000000000000000': 0 pak files mounted, 0 remain pending
[2020.07.04-16.16.52:343][  0]LogContentBrowser: Native class hierarchy updated for 'AddContentDialog' in 0.0003 seconds. Added 0 classes and 0 folders.
[2020.07.04-16.16.52:358][  0]LogContentBrowser: Native class hierarchy updated for 'SceneOutliner' in 0.0003 seconds. Added 1 classes and 2 folders.
[2020.07.04-16.16.53:491][  0]LogSlate: Only BGRA pngs, bmps or icos are supported in by External Image Picker
[2020.07.04-16.16.53:510][  0]LogSlate: Took 0.000190 seconds to synchronously load lazily loaded font '../../../Engine/Content/Slate/Fonts/Roboto-Regular.ttf' (155K)
[2020.07.04-16.16.53:513][  0]LogSlate: Took 0.000186 seconds to synchronously load lazily loaded font '../../../Engine/Content/Slate/Fonts/Roboto-Bold.ttf' (160K)
[2020.07.04-16.16.53:533][  0]LogSlate: Took 0.006850 seconds to synchronously load lazily loaded font '../../../Engine/Content/Editor/Slate/Fonts/FontAwesome.ttf' (139K)
[2020.07.04-16.16.53:638][  0]LogRenderer: Reallocating scene render targets to support 892x612 Format 10 NumSamples 1 (Frame:1).
[2020.07.04-16.16.53:766][  0]LogContentBrowser: Native class hierarchy updated for 'HierarchicalLODOutliner' in 0.0004 seconds. Added 0 classes and 0 folders.
[2020.07.04-16.16.53:766][  0]LogLoad: (Engine Initialization) Total time: 10.10 seconds
[2020.07.04-16.16.53:766][  0]LogLoad: (Engine Initialization) Total Blueprint compile time: 0.00 seconds
[2020.07.04-16.16.53:960][  0]LogContentStreaming: Texture pool size now 1000 MB
[2020.07.04-16.16.53:970][  0]LogSlate: Took 0.000112 seconds to synchronously load lazily loaded font '../../../Engine/Content/Slate/Fonts/Roboto-Light.ttf' (167K)
[2020.07.04-16.16.56:426][146]LogAssetRegistry: Asset discovery search completed in 8.7411 seconds
[2020.07.04-16.16.56:428][146]LogCollectionManager: Rebuilt the object cache for 0 collections in 0.000000 seconds (found 0 objects)
[2020.07.04-16.16.56:428][146]LogCollectionManager: Fixed up redirectors for 0 collections in 0.000067 seconds (updated 0 objects)
[2020.07.04-16.16.56:871][173]LogSlate: FSceneViewport::OnFocusLost() reason 0
[2020.07.04-16.16.56:938][177]LogTemp: Repeating last play command: Selected Viewport
[2020.07.04-16.16.56:943][177]LogBlueprintUserMessages: Early PlayInEditor Detection: Level '/Game/ThirdPersonCPP/Maps/ThirdPersonExampleMap.ThirdPersonExampleMap:PersistentLevel' has LevelScriptBlueprint '/Game/ThirdPersonCPP/Maps/ThirdPersonExampleMap.ThirdPersonExampleMap:PersistentLevel.ThirdPersonExampleMap' with GeneratedClass '/Game/ThirdPersonCPP/Maps/ThirdPersonExampleMap.ThirdPersonExampleMap_C' with ClassGeneratedBy '/Game/ThirdPersonCPP/Maps/ThirdPersonExampleMap.ThirdPersonExampleMap:PersistentLevel.ThirdPersonExampleMap'
[2020.07.04-16.16.56:943][177]LogPlayLevel: PlayLevel: No blueprints needed recompiling
[2020.07.04-16.16.56:946][177]PIE: New page: PIE session: ThirdPersonExampleMap (4 jul. 2020 20:16:56)
[2020.07.04-16.16.56:958][177]LogPlayLevel: Creating play world package: /Game/ThirdPersonCPP/Maps/UEDPIE_0_ThirdPersonExampleMap
[2020.07.04-16.16.56:970][177]LogPlayLevel: PIE: StaticDuplicateObject took: (0.012579s)
[2020.07.04-16.16.56:970][177]LogAIModule: Creating AISystem for world ThirdPersonExampleMap
[2020.07.04-16.16.56:971][177]LogPlayLevel: PIE: World Init took: (0.000517s)
[2020.07.04-16.16.56:971][177]LogPlayLevel: PIE: Created PIE world by copying editor world from /Game/ThirdPersonCPP/Maps/ThirdPersonExampleMap.ThirdPersonExampleMap to /Game/ThirdPersonCPP/Maps/UEDPIE_0_ThirdPersonExampleMap.ThirdPersonExampleMap (0.013418s)
[2020.07.04-16.16.56:994][177]LogUObjectHash: Compacting FUObjectHashTables data took   0.93ms
[2020.07.04-16.16.56:999][177]LogInit: XAudio2 using 'Speakers (Realtek High Definition Audio)' : 2 channels at 48 kHz using 32 bits per sample (channel mask 0x3)
[2020.07.04-16.16.57:015][177]LogInit: FAudioDevice initialized.
[2020.07.04-16.16.57:055][177]LogLoad: Game class is 'CoverSpotGeneratorGameMode'
[2020.07.04-16.16.57:058][177]LogWorld: Bringing World /Game/ThirdPersonCPP/Maps/UEDPIE_0_ThirdPersonExampleMap.ThirdPersonExampleMap up for play (max tick rate 60) at 2020.07.04-18.16.57
[2020.07.04-16.16.57:058][177]LogWorld: Bringing up level for play took: 0.001392
[2020.07.04-16.16.57:084][177]LogContentBrowser: Native class hierarchy updated for 'MovieSceneCapture' in 0.0004 seconds. Added 20 classes and 0 folders.
[2020.07.04-16.16.57:084][177]PIE: Play in editor start time for /Game/ThirdPersonCPP/Maps/UEDPIE_0_ThirdPersonExampleMap 0,084
[2020.07.04-16.16.57:084][177]LogBlueprintUserMessages: Late PlayInEditor Detection: Level '/Game/ThirdPersonCPP/Maps/ThirdPersonExampleMap.ThirdPersonExampleMap:PersistentLevel' has LevelScriptBlueprint '/Game/ThirdPersonCPP/Maps/ThirdPersonExampleMap.ThirdPersonExampleMap:PersistentLevel.ThirdPersonExampleMap' with GeneratedClass '/Game/ThirdPersonCPP/Maps/ThirdPersonExampleMap.ThirdPersonExampleMap_C' with ClassGeneratedBy '/Game/ThirdPersonCPP/Maps/ThirdPersonExampleMap.ThirdPersonExampleMap:PersistentLevel.ThirdPersonExampleMap'
[2020.07.04-16.17.28:585][ 66]LogBlueprintUserMessages: Early EndPlayMap Detection: Level '/Game/ThirdPersonCPP/Maps/ThirdPersonExampleMap.ThirdPersonExampleMap:PersistentLevel' has LevelScriptBlueprint '/Game/ThirdPersonCPP/Maps/ThirdPersonExampleMap.ThirdPersonExampleMap:PersistentLevel.ThirdPersonExampleMap' with GeneratedClass '/Game/ThirdPersonCPP/Maps/ThirdPersonExampleMap.ThirdPersonExampleMap_C' with ClassGeneratedBy '/Game/ThirdPersonCPP/Maps/ThirdPersonExampleMap.ThirdPersonExampleMap:PersistentLevel.ThirdPersonExampleMap'
[2020.07.04-16.17.28:585][ 66]LogSlate: Updating window title bar state: overlay mode, drag disabled, window buttons hidden, title bar hidden
[2020.07.04-16.17.28:615][ 66]LogPlayLevel: Display: Shutting down PIE online subsystems
[2020.07.04-16.17.28:616][ 66]LogBlueprintUserMessages: Late EndPlayMap Detection: Level '/Game/ThirdPersonCPP/Maps/ThirdPersonExampleMap.ThirdPersonExampleMap:PersistentLevel' has LevelScriptBlueprint '/Game/ThirdPersonCPP/Maps/ThirdPersonExampleMap.ThirdPersonExampleMap:PersistentLevel.ThirdPersonExampleMap' with GeneratedClass '/Game/ThirdPersonCPP/Maps/ThirdPersonExampleMap.ThirdPersonExampleMap_C' with ClassGeneratedBy '/Game/ThirdPersonCPP/Maps/ThirdPersonExampleMap.ThirdPersonExampleMap:PersistentLevel.ThirdPersonExampleMap'
[2020.07.04-16.17.28:643][ 66]LogSlate: Updating window title bar state: overlay mode, drag disabled, window buttons hidden, title bar hidden
[2020.07.04-16.17.28:646][ 66]LogUObjectHash: Compacting FUObjectHashTables data took   1.16ms
[2020.07.04-16.17.28:687][ 68]LogPlayLevel: Display: Destroying online subsystem :Context_2
[2020.07.04-16.17.32:155][276]LogEditorViewport: Clicking on Actor (LMB): StaticMeshActor (RightArm_StaticMesh)
[2020.07.04-16.17.32:319][282]Cmd: CAMERA ALIGN ACTIVEVIEWPORTONLY
[2020.07.04-16.17.36:469][531]LogSlate: FSceneViewport::OnFocusLost() reason 0
